[0.769s] DEBUG:colcon:Command line arguments: ['/usr/bin/colcon', 'build']
[0.769s] DEBUG:colcon:Parsed command line arguments: Namespace(log_base=None, log_level=None, verb_name='build', build_base='build', install_base='install', merge_install=False, symlink_install=False, test_result_base=None, continue_on_error=False, executor='parallel', parallel_workers=16, event_handlers=None, ignore_user_meta=False, metas=['./colcon.meta'], base_paths=['.'], packages_ignore=None, packages_ignore_regex=None, paths=None, packages_up_to=None, packages_up_to_regex=None, packages_above=None, packages_above_and_dependencies=None, packages_above_depth=None, packages_select_by_dep=None, packages_skip_by_dep=None, packages_skip_up_to=None, packages_select_build_failed=False, packages_skip_build_finished=False, packages_select_test_failures=False, packages_skip_test_passed=False, packages_select=None, packages_skip=None, packages_select_regex=None, packages_skip_regex=None, packages_start=None, packages_end=None, allow_overriding=[], cmake_args=None, cmake_target=None, cmake_target_skip_unavailable=False, cmake_clean_cache=False, cmake_clean_first=False, cmake_force_configure=False, ament_cmake_args=None, catkin_cmake_args=None, catkin_skip_building_tests=False, verb_parser=<colcon_defaults.argument_parser.defaults.DefaultArgumentsDecorator object at 0x7fd8625c9000>, verb_extension=<colcon_core.verb.build.BuildVerb object at 0x7fd8625cb190>, main=<bound method BuildVerb.main of <colcon_core.verb.build.BuildVerb object at 0x7fd8625cb190>>)
[0.803s] Level 1:colcon.colcon_core.package_discovery:discover_packages(colcon_meta) check parameters
[0.803s] Level 1:colcon.colcon_core.package_discovery:discover_packages(recursive) check parameters
[0.803s] Level 1:colcon.colcon_core.package_discovery:discover_packages(ignore) check parameters
[0.803s] Level 1:colcon.colcon_core.package_discovery:discover_packages(path) check parameters
[0.803s] Level 1:colcon.colcon_core.package_discovery:discover_packages(colcon_meta) discover
[0.803s] Level 1:colcon.colcon_core.package_discovery:discover_packages(recursive) discover
[0.803s] INFO:colcon.colcon_core.package_discovery:Crawling recursively for packages in '/home/senya/ros2_ws/src/computer_vision_functionality'
[0.803s] Level 1:colcon.colcon_core.package_identification:_identify(.) by extensions ['ignore', 'ignore_ament_install']
[0.803s] Level 1:colcon.colcon_core.package_identification:_identify(.) by extension 'ignore'
[0.803s] Level 1:colcon.colcon_core.package_identification:_identify(.) by extension 'ignore_ament_install'
[0.803s] Level 1:colcon.colcon_core.package_identification:_identify(.) by extensions ['colcon_pkg']
[0.803s] Level 1:colcon.colcon_core.package_identification:_identify(.) by extension 'colcon_pkg'
[0.803s] Level 1:colcon.colcon_core.package_identification:_identify(.) by extensions ['colcon_meta']
[0.803s] Level 1:colcon.colcon_core.package_identification:_identify(.) by extension 'colcon_meta'
[0.803s] Level 1:colcon.colcon_core.package_identification:_identify(.) by extensions ['ros']
[0.803s] Level 1:colcon.colcon_core.package_identification:_identify(.) by extension 'ros'
[0.813s] DEBUG:colcon.colcon_core.package_identification:Package '.' with type 'ros.ament_python' and name 'computer_vision_functionality'
[0.813s] Level 1:colcon.colcon_core.package_discovery:discover_packages(recursive) using defaults
[0.813s] Level 1:colcon.colcon_core.package_discovery:discover_packages(ignore) discover
[0.813s] Level 1:colcon.colcon_core.package_discovery:discover_packages(ignore) using defaults
[0.813s] Level 1:colcon.colcon_core.package_discovery:discover_packages(path) discover
[0.813s] Level 1:colcon.colcon_core.package_discovery:discover_packages(path) using defaults
[0.876s] Level 1:colcon.colcon_core.package_discovery:discover_packages(prefix_path) check parameters
[0.876s] Level 1:colcon.colcon_core.package_discovery:discover_packages(prefix_path) discover
[0.896s] DEBUG:colcon.colcon_installed_package_information.package_discovery:Found 3 installed packages in /home/senya/ros2_ws/install
[0.906s] DEBUG:colcon.colcon_installed_package_information.package_discovery:Found 271 installed packages in /opt/ros/humble
[0.906s] Level 1:colcon.colcon_core.package_discovery:discover_packages(prefix_path) using defaults
[0.976s] Level 5:colcon.colcon_core.verb:set package 'computer_vision_functionality' build argument 'cmake_args' from command line to 'None'
[0.976s] Level 5:colcon.colcon_core.verb:set package 'computer_vision_functionality' build argument 'cmake_target' from command line to 'None'
[0.976s] Level 5:colcon.colcon_core.verb:set package 'computer_vision_functionality' build argument 'cmake_target_skip_unavailable' from command line to 'False'
[0.976s] Level 5:colcon.colcon_core.verb:set package 'computer_vision_functionality' build argument 'cmake_clean_cache' from command line to 'False'
[0.976s] Level 5:colcon.colcon_core.verb:set package 'computer_vision_functionality' build argument 'cmake_clean_first' from command line to 'False'
[0.976s] Level 5:colcon.colcon_core.verb:set package 'computer_vision_functionality' build argument 'cmake_force_configure' from command line to 'False'
[0.976s] Level 5:colcon.colcon_core.verb:set package 'computer_vision_functionality' build argument 'ament_cmake_args' from command line to 'None'
[0.976s] Level 5:colcon.colcon_core.verb:set package 'computer_vision_functionality' build argument 'catkin_cmake_args' from command line to 'None'
[0.977s] Level 5:colcon.colcon_core.verb:set package 'computer_vision_functionality' build argument 'catkin_skip_building_tests' from command line to 'False'
[0.977s] DEBUG:colcon.colcon_core.verb:Building package 'computer_vision_functionality' with the following arguments: {'ament_cmake_args': None, 'build_base': '/home/senya/ros2_ws/src/computer_vision_functionality/build/computer_vision_functionality', 'catkin_cmake_args': None, 'catkin_skip_building_tests': False, 'cmake_args': None, 'cmake_clean_cache': False, 'cmake_clean_first': False, 'cmake_force_configure': False, 'cmake_target': None, 'cmake_target_skip_unavailable': False, 'install_base': '/home/senya/ros2_ws/src/computer_vision_functionality/install/computer_vision_functionality', 'merge_install': False, 'path': '/home/senya/ros2_ws/src/computer_vision_functionality', 'symlink_install': False, 'test_result_base': None}
[0.986s] INFO:colcon.colcon_core.executor:Executing jobs using 'parallel' executor
[0.996s] DEBUG:colcon.colcon_parallel_executor.executor.parallel:run_until_complete
[0.996s] INFO:colcon.colcon_ros.task.ament_python.build:Building ROS package in '/home/senya/ros2_ws/src/computer_vision_functionality' with build type 'ament_python'
[0.997s] Level 1:colcon.colcon_core.shell:create_environment_hook('computer_vision_functionality', 'ament_prefix_path')
[1.008s] INFO:colcon.colcon_core.plugin_system:Skipping extension 'colcon_core.shell.bat': Not used on non-Windows systems
[1.008s] INFO:colcon.colcon_core.shell:Creating environment hook '/home/senya/ros2_ws/src/computer_vision_functionality/install/computer_vision_functionality/share/computer_vision_functionality/hook/ament_prefix_path.ps1'
[1.009s] INFO:colcon.colcon_core.shell:Creating environment descriptor '/home/senya/ros2_ws/src/computer_vision_functionality/install/computer_vision_functionality/share/computer_vision_functionality/hook/ament_prefix_path.dsv'
[1.009s] INFO:colcon.colcon_core.shell:Creating environment hook '/home/senya/ros2_ws/src/computer_vision_functionality/install/computer_vision_functionality/share/computer_vision_functionality/hook/ament_prefix_path.sh'
[1.019s] INFO:colcon.colcon_core.shell:Skip shell extension 'powershell' for command environment: Not usable outside of PowerShell
[1.019s] DEBUG:colcon.colcon_core.shell:Skip shell extension 'dsv' for command environment
[1.225s] INFO:colcon.colcon_core.task.python.build:Building Python package in '/home/senya/ros2_ws/src/computer_vision_functionality'
[1.235s] INFO:colcon.colcon_core.shell:Skip shell extension 'powershell' for command environment: Not usable outside of PowerShell
[1.235s] DEBUG:colcon.colcon_core.shell:Skip shell extension 'dsv' for command environment
[1.525s] DEBUG:colcon.colcon_core.event_handler.log_command:Invoking command in '/home/senya/ros2_ws/src/computer_vision_functionality': PYTHONPATH=/home/senya/ros2_ws/src/computer_vision_functionality/build/computer_vision_functionality/prefix_override:/home/senya/ros2_ws/src/computer_vision_functionality/install/computer_vision_functionality/lib/python3.10/site-packages:${PYTHONPATH} /usr/bin/python3 setup.py egg_info --egg-base build/computer_vision_functionality build --build-base /home/senya/ros2_ws/src/computer_vision_functionality/build/computer_vision_functionality/build install --record /home/senya/ros2_ws/src/computer_vision_functionality/build/computer_vision_functionality/install.log --single-version-externally-managed
[1.745s] DEBUG:colcon.colcon_core.event_handler.log_command:Invoked command in '/home/senya/ros2_ws/src/computer_vision_functionality' returned '0': PYTHONPATH=/home/senya/ros2_ws/src/computer_vision_functionality/build/computer_vision_functionality/prefix_override:/home/senya/ros2_ws/src/computer_vision_functionality/install/computer_vision_functionality/lib/python3.10/site-packages:${PYTHONPATH} /usr/bin/python3 setup.py egg_info --egg-base build/computer_vision_functionality build --build-base /home/senya/ros2_ws/src/computer_vision_functionality/build/computer_vision_functionality/build install --record /home/senya/ros2_ws/src/computer_vision_functionality/build/computer_vision_functionality/install.log --single-version-externally-managed
[1.755s] Level 1:colcon.colcon_core.environment:checking '/home/senya/ros2_ws/src/computer_vision_functionality/install/computer_vision_functionality' for CMake module files
[1.756s] Level 1:colcon.colcon_core.environment:checking '/home/senya/ros2_ws/src/computer_vision_functionality/install/computer_vision_functionality' for CMake config files
[1.756s] Level 1:colcon.colcon_core.environment:checking '/home/senya/ros2_ws/src/computer_vision_functionality/install/computer_vision_functionality/lib'
[1.756s] Level 1:colcon.colcon_core.environment:checking '/home/senya/ros2_ws/src/computer_vision_functionality/install/computer_vision_functionality/bin'
[1.756s] Level 1:colcon.colcon_core.environment:checking '/home/senya/ros2_ws/src/computer_vision_functionality/install/computer_vision_functionality/lib/pkgconfig/computer_vision_functionality.pc'
[1.756s] Level 1:colcon.colcon_core.environment:checking '/home/senya/ros2_ws/src/computer_vision_functionality/install/computer_vision_functionality/lib/python3.10/site-packages'
[1.756s] Level 1:colcon.colcon_core.shell:create_environment_hook('computer_vision_functionality', 'pythonpath')
[1.766s] INFO:colcon.colcon_core.shell:Creating environment hook '/home/senya/ros2_ws/src/computer_vision_functionality/install/computer_vision_functionality/share/computer_vision_functionality/hook/pythonpath.ps1'
[1.766s] INFO:colcon.colcon_core.shell:Creating environment descriptor '/home/senya/ros2_ws/src/computer_vision_functionality/install/computer_vision_functionality/share/computer_vision_functionality/hook/pythonpath.dsv'
[1.766s] INFO:colcon.colcon_core.shell:Creating environment hook '/home/senya/ros2_ws/src/computer_vision_functionality/install/computer_vision_functionality/share/computer_vision_functionality/hook/pythonpath.sh'
[1.766s] Level 1:colcon.colcon_core.environment:checking '/home/senya/ros2_ws/src/computer_vision_functionality/install/computer_vision_functionality/bin'
[1.766s] Level 1:colcon.colcon_core.environment:create_environment_scripts_only(computer_vision_functionality)
[1.775s] INFO:colcon.colcon_core.shell:Creating package script '/home/senya/ros2_ws/src/computer_vision_functionality/install/computer_vision_functionality/share/computer_vision_functionality/package.ps1'
[1.776s] INFO:colcon.colcon_core.shell:Creating package descriptor '/home/senya/ros2_ws/src/computer_vision_functionality/install/computer_vision_functionality/share/computer_vision_functionality/package.dsv'
[1.776s] INFO:colcon.colcon_core.shell:Creating package script '/home/senya/ros2_ws/src/computer_vision_functionality/install/computer_vision_functionality/share/computer_vision_functionality/package.sh'
[1.777s] INFO:colcon.colcon_core.shell:Creating package script '/home/senya/ros2_ws/src/computer_vision_functionality/install/computer_vision_functionality/share/computer_vision_functionality/package.bash'
[1.777s] INFO:colcon.colcon_core.shell:Creating package script '/home/senya/ros2_ws/src/computer_vision_functionality/install/computer_vision_functionality/share/computer_vision_functionality/package.zsh'
[1.777s] Level 1:colcon.colcon_core.environment:create_file_with_runtime_dependencies(/home/senya/ros2_ws/src/computer_vision_functionality/install/computer_vision_functionality/share/colcon-core/packages/computer_vision_functionality)
[1.778s] DEBUG:colcon.colcon_parallel_executor.executor.parallel:closing loop
[1.778s] DEBUG:colcon.colcon_parallel_executor.executor.parallel:loop closed
[1.779s] DEBUG:colcon.colcon_parallel_executor.executor.parallel:run_until_complete finished with '0'
[1.779s] DEBUG:colcon.colcon_core.event_reactor:joining thread
[1.814s] INFO:colcon.colcon_core.plugin_system:Skipping extension 'colcon_notification.desktop_notification.notify_send': Could not find 'notify-send'
[1.814s] INFO:colcon.colcon_core.plugin_system:Skipping extension 'colcon_notification.desktop_notification.terminal_notifier': Not used on non-Darwin systems
[1.814s] INFO:colcon.colcon_core.plugin_system:Skipping extension 'colcon_notification.desktop_notification.win32': Not used on non-Windows systems
[1.814s] INFO:colcon.colcon_notification.desktop_notification:Sending desktop notification using 'notify2'
[1.815s] DEBUG:colcon.colcon_notification.desktop_notification.notify2:Failed to initialize notify2: org.freedesktop.DBus.Error.FileNotFound: Failed to connect to socket /run/user/1000/bus: No such file or directory
[1.815s] DEBUG:colcon.colcon_core.event_reactor:joined thread
[1.824s] INFO:colcon.colcon_core.shell:Creating prefix script '/home/senya/ros2_ws/src/computer_vision_functionality/install/local_setup.ps1'
[1.825s] INFO:colcon.colcon_core.shell:Creating prefix util module '/home/senya/ros2_ws/src/computer_vision_functionality/install/_local_setup_util_ps1.py'
[1.826s] INFO:colcon.colcon_core.shell:Creating prefix chain script '/home/senya/ros2_ws/src/computer_vision_functionality/install/setup.ps1'
[1.836s] INFO:colcon.colcon_core.shell:Creating prefix script '/home/senya/ros2_ws/src/computer_vision_functionality/install/local_setup.sh'
[1.836s] INFO:colcon.colcon_core.shell:Creating prefix util module '/home/senya/ros2_ws/src/computer_vision_functionality/install/_local_setup_util_sh.py'
[1.837s] INFO:colcon.colcon_core.shell:Creating prefix chain script '/home/senya/ros2_ws/src/computer_vision_functionality/install/setup.sh'
[1.847s] INFO:colcon.colcon_core.shell:Creating prefix script '/home/senya/ros2_ws/src/computer_vision_functionality/install/local_setup.bash'
[1.847s] INFO:colcon.colcon_core.shell:Creating prefix chain script '/home/senya/ros2_ws/src/computer_vision_functionality/install/setup.bash'
[1.858s] INFO:colcon.colcon_core.shell:Creating prefix script '/home/senya/ros2_ws/src/computer_vision_functionality/install/local_setup.zsh'
[1.858s] INFO:colcon.colcon_core.shell:Creating prefix chain script '/home/senya/ros2_ws/src/computer_vision_functionality/install/setup.zsh'
