[0.528s] Invoking command in '/home/senya/ros2_ws/src/computer_vision_functionality': PYTHONPATH=/home/senya/ros2_ws/src/computer_vision_functionality/build/computer_vision_functionality/prefix_override:/home/senya/ros2_ws/src/computer_vision_functionality/install/computer_vision_functionality/lib/python3.10/site-packages:${PYTHONPATH} /usr/bin/python3 setup.py egg_info --egg-base build/computer_vision_functionality build --build-base /home/senya/ros2_ws/src/computer_vision_functionality/build/computer_vision_functionality/build install --record /home/senya/ros2_ws/src/computer_vision_functionality/build/computer_vision_functionality/install.log --single-version-externally-managed
[0.692s] running egg_info
[0.693s] creating build/computer_vision_functionality/computer_vision_functionality.egg-info
[0.693s] writing build/computer_vision_functionality/computer_vision_functionality.egg-info/PKG-INFO
[0.693s] writing dependency_links to build/computer_vision_functionality/computer_vision_functionality.egg-info/dependency_links.txt
[0.693s] writing entry points to build/computer_vision_functionality/computer_vision_functionality.egg-info/entry_points.txt
[0.693s] writing requirements to build/computer_vision_functionality/computer_vision_functionality.egg-info/requires.txt
[0.694s] writing top-level names to build/computer_vision_functionality/computer_vision_functionality.egg-info/top_level.txt
[0.694s] writing manifest file 'build/computer_vision_functionality/computer_vision_functionality.egg-info/SOURCES.txt'
[0.695s] reading manifest file 'build/computer_vision_functionality/computer_vision_functionality.egg-info/SOURCES.txt'
[0.696s] writing manifest file 'build/computer_vision_functionality/computer_vision_functionality.egg-info/SOURCES.txt'
[0.696s] running build
[0.696s] running build_py
[0.696s] creating /home/senya/ros2_ws/src/computer_vision_functionality/build/computer_vision_functionality/build
[0.696s] creating /home/senya/ros2_ws/src/computer_vision_functionality/build/computer_vision_functionality/build/lib
[0.696s] creating /home/senya/ros2_ws/src/computer_vision_functionality/build/computer_vision_functionality/build/lib/computer_vision_functionality
[0.697s] copying computer_vision_functionality/recognition_of_aruco_marker_node.py -> /home/senya/ros2_ws/src/computer_vision_functionality/build/computer_vision_functionality/build/lib/computer_vision_functionality
[0.697s] copying computer_vision_functionality/aruco_marker_recognizer.py -> /home/senya/ros2_ws/src/computer_vision_functionality/build/computer_vision_functionality/build/lib/computer_vision_functionality
[0.697s] copying computer_vision_functionality/recognition_setting.py -> /home/senya/ros2_ws/src/computer_vision_functionality/build/computer_vision_functionality/build/lib/computer_vision_functionality
[0.697s] copying computer_vision_functionality/__init__.py -> /home/senya/ros2_ws/src/computer_vision_functionality/build/computer_vision_functionality/build/lib/computer_vision_functionality
[0.697s] copying computer_vision_functionality/get_image_from_airsim_node.py -> /home/senya/ros2_ws/src/computer_vision_functionality/build/computer_vision_functionality/build/lib/computer_vision_functionality
[0.697s] creating /home/senya/ros2_ws/src/computer_vision_functionality/build/computer_vision_functionality/build/lib/computer_vision_functionality/airsim
[0.697s] copying computer_vision_functionality/airsim/client.py -> /home/senya/ros2_ws/src/computer_vision_functionality/build/computer_vision_functionality/build/lib/computer_vision_functionality/airsim
[0.697s] copying computer_vision_functionality/airsim/utils.py -> /home/senya/ros2_ws/src/computer_vision_functionality/build/computer_vision_functionality/build/lib/computer_vision_functionality/airsim
[0.697s] copying computer_vision_functionality/airsim/types.py -> /home/senya/ros2_ws/src/computer_vision_functionality/build/computer_vision_functionality/build/lib/computer_vision_functionality/airsim
[0.697s] copying computer_vision_functionality/airsim/__init__.py -> /home/senya/ros2_ws/src/computer_vision_functionality/build/computer_vision_functionality/build/lib/computer_vision_functionality/airsim
[0.698s] copying computer_vision_functionality/airsim/pfm.py -> /home/senya/ros2_ws/src/computer_vision_functionality/build/computer_vision_functionality/build/lib/computer_vision_functionality/airsim
[0.698s] running install
[0.698s] running install_lib
[0.698s] creating /home/senya/ros2_ws/src/computer_vision_functionality/install/computer_vision_functionality/lib/python3.10/site-packages/computer_vision_functionality
[0.699s] copying /home/senya/ros2_ws/src/computer_vision_functionality/build/computer_vision_functionality/build/lib/computer_vision_functionality/recognition_of_aruco_marker_node.py -> /home/senya/ros2_ws/src/computer_vision_functionality/install/computer_vision_functionality/lib/python3.10/site-packages/computer_vision_functionality
[0.699s] copying /home/senya/ros2_ws/src/computer_vision_functionality/build/computer_vision_functionality/build/lib/computer_vision_functionality/aruco_marker_recognizer.py -> /home/senya/ros2_ws/src/computer_vision_functionality/install/computer_vision_functionality/lib/python3.10/site-packages/computer_vision_functionality
[0.699s] copying /home/senya/ros2_ws/src/computer_vision_functionality/build/computer_vision_functionality/build/lib/computer_vision_functionality/recognition_setting.py -> /home/senya/ros2_ws/src/computer_vision_functionality/install/computer_vision_functionality/lib/python3.10/site-packages/computer_vision_functionality
[0.699s] copying /home/senya/ros2_ws/src/computer_vision_functionality/build/computer_vision_functionality/build/lib/computer_vision_functionality/__init__.py -> /home/senya/ros2_ws/src/computer_vision_functionality/install/computer_vision_functionality/lib/python3.10/site-packages/computer_vision_functionality
[0.699s] creating /home/senya/ros2_ws/src/computer_vision_functionality/install/computer_vision_functionality/lib/python3.10/site-packages/computer_vision_functionality/airsim
[0.699s] copying /home/senya/ros2_ws/src/computer_vision_functionality/build/computer_vision_functionality/build/lib/computer_vision_functionality/airsim/client.py -> /home/senya/ros2_ws/src/computer_vision_functionality/install/computer_vision_functionality/lib/python3.10/site-packages/computer_vision_functionality/airsim
[0.700s] copying /home/senya/ros2_ws/src/computer_vision_functionality/build/computer_vision_functionality/build/lib/computer_vision_functionality/airsim/utils.py -> /home/senya/ros2_ws/src/computer_vision_functionality/install/computer_vision_functionality/lib/python3.10/site-packages/computer_vision_functionality/airsim
[0.700s] copying /home/senya/ros2_ws/src/computer_vision_functionality/build/computer_vision_functionality/build/lib/computer_vision_functionality/airsim/types.py -> /home/senya/ros2_ws/src/computer_vision_functionality/install/computer_vision_functionality/lib/python3.10/site-packages/computer_vision_functionality/airsim
[0.700s] copying /home/senya/ros2_ws/src/computer_vision_functionality/build/computer_vision_functionality/build/lib/computer_vision_functionality/airsim/__init__.py -> /home/senya/ros2_ws/src/computer_vision_functionality/install/computer_vision_functionality/lib/python3.10/site-packages/computer_vision_functionality/airsim
[0.700s] copying /home/senya/ros2_ws/src/computer_vision_functionality/build/computer_vision_functionality/build/lib/computer_vision_functionality/airsim/pfm.py -> /home/senya/ros2_ws/src/computer_vision_functionality/install/computer_vision_functionality/lib/python3.10/site-packages/computer_vision_functionality/airsim
[0.700s] copying /home/senya/ros2_ws/src/computer_vision_functionality/build/computer_vision_functionality/build/lib/computer_vision_functionality/get_image_from_airsim_node.py -> /home/senya/ros2_ws/src/computer_vision_functionality/install/computer_vision_functionality/lib/python3.10/site-packages/computer_vision_functionality
[0.700s] byte-compiling /home/senya/ros2_ws/src/computer_vision_functionality/install/computer_vision_functionality/lib/python3.10/site-packages/computer_vision_functionality/recognition_of_aruco_marker_node.py to recognition_of_aruco_marker_node.cpython-310.pyc
[0.701s] byte-compiling /home/senya/ros2_ws/src/computer_vision_functionality/install/computer_vision_functionality/lib/python3.10/site-packages/computer_vision_functionality/aruco_marker_recognizer.py to aruco_marker_recognizer.cpython-310.pyc
[0.701s] byte-compiling /home/senya/ros2_ws/src/computer_vision_functionality/install/computer_vision_functionality/lib/python3.10/site-packages/computer_vision_functionality/recognition_setting.py to recognition_setting.cpython-310.pyc
[0.701s] byte-compiling /home/senya/ros2_ws/src/computer_vision_functionality/install/computer_vision_functionality/lib/python3.10/site-packages/computer_vision_functionality/__init__.py to __init__.cpython-310.pyc
[0.701s] byte-compiling /home/senya/ros2_ws/src/computer_vision_functionality/install/computer_vision_functionality/lib/python3.10/site-packages/computer_vision_functionality/airsim/client.py to client.cpython-310.pyc
[0.706s] byte-compiling /home/senya/ros2_ws/src/computer_vision_functionality/install/computer_vision_functionality/lib/python3.10/site-packages/computer_vision_functionality/airsim/utils.py to utils.cpython-310.pyc
[0.707s] byte-compiling /home/senya/ros2_ws/src/computer_vision_functionality/install/computer_vision_functionality/lib/python3.10/site-packages/computer_vision_functionality/airsim/types.py to types.cpython-310.pyc
[0.709s] byte-compiling /home/senya/ros2_ws/src/computer_vision_functionality/install/computer_vision_functionality/lib/python3.10/site-packages/computer_vision_functionality/airsim/__init__.py to __init__.cpython-310.pyc
[0.709s] byte-compiling /home/senya/ros2_ws/src/computer_vision_functionality/install/computer_vision_functionality/lib/python3.10/site-packages/computer_vision_functionality/airsim/pfm.py to pfm.cpython-310.pyc
[0.710s] byte-compiling /home/senya/ros2_ws/src/computer_vision_functionality/install/computer_vision_functionality/lib/python3.10/site-packages/computer_vision_functionality/get_image_from_airsim_node.py to get_image_from_airsim_node.cpython-310.pyc
[0.710s] running install_data
[0.711s] creating /home/senya/ros2_ws/src/computer_vision_functionality/install/computer_vision_functionality/share/ament_index
[0.711s] creating /home/senya/ros2_ws/src/computer_vision_functionality/install/computer_vision_functionality/share/ament_index/resource_index
[0.711s] creating /home/senya/ros2_ws/src/computer_vision_functionality/install/computer_vision_functionality/share/ament_index/resource_index/packages
[0.712s] copying resource/computer_vision_functionality -> /home/senya/ros2_ws/src/computer_vision_functionality/install/computer_vision_functionality/share/ament_index/resource_index/packages
[0.712s] copying package.xml -> /home/senya/ros2_ws/src/computer_vision_functionality/install/computer_vision_functionality/share/computer_vision_functionality
[0.712s] running install_egg_info
[0.713s] Copying build/computer_vision_functionality/computer_vision_functionality.egg-info to /home/senya/ros2_ws/src/computer_vision_functionality/install/computer_vision_functionality/lib/python3.10/site-packages/computer_vision_functionality-0.0.0-py3.10.egg-info
[0.714s] running install_scripts
[0.727s] Installing image_from_airsim_node script to /home/senya/ros2_ws/src/computer_vision_functionality/install/computer_vision_functionality/lib/computer_vision_functionality
[0.727s] Installing recognition_of_aruco_marker_node script to /home/senya/ros2_ws/src/computer_vision_functionality/install/computer_vision_functionality/lib/computer_vision_functionality
[0.727s] writing list of installed files to '/home/senya/ros2_ws/src/computer_vision_functionality/build/computer_vision_functionality/install.log'
[0.748s] Invoked command in '/home/senya/ros2_ws/src/computer_vision_functionality' returned '0': PYTHONPATH=/home/senya/ros2_ws/src/computer_vision_functionality/build/computer_vision_functionality/prefix_override:/home/senya/ros2_ws/src/computer_vision_functionality/install/computer_vision_functionality/lib/python3.10/site-packages:${PYTHONPATH} /usr/bin/python3 setup.py egg_info --egg-base build/computer_vision_functionality build --build-base /home/senya/ros2_ws/src/computer_vision_functionality/build/computer_vision_functionality/build install --record /home/senya/ros2_ws/src/computer_vision_functionality/build/computer_vision_functionality/install.log --single-version-externally-managed
