[1.043s] DEBUG:colcon:Command line arguments: ['/usr/bin/colcon', 'build']
[1.043s] DEBUG:colcon:Parsed command line arguments: Namespace(log_base=None, log_level=None, verb_name='build', build_base='build', install_base='install', merge_install=False, symlink_install=False, test_result_base=None, continue_on_error=False, executor='parallel', parallel_workers=16, event_handlers=None, ignore_user_meta=False, metas=['./colcon.meta'], base_paths=['.'], packages_ignore=None, packages_ignore_regex=None, paths=None, packages_up_to=None, packages_up_to_regex=None, packages_above=None, packages_above_and_dependencies=None, packages_above_depth=None, packages_select_by_dep=None, packages_skip_by_dep=None, packages_skip_up_to=None, packages_select_build_failed=False, packages_skip_build_finished=False, packages_select_test_failures=False, packages_skip_test_passed=False, packages_select=None, packages_skip=None, packages_select_regex=None, packages_skip_regex=None, packages_start=None, packages_end=None, allow_overriding=[], cmake_args=None, cmake_target=None, cmake_target_skip_unavailable=False, cmake_clean_cache=False, cmake_clean_first=False, cmake_force_configure=False, ament_cmake_args=None, catkin_cmake_args=None, catkin_skip_building_tests=False, verb_parser=<colcon_defaults.argument_parser.defaults.DefaultArgumentsDecorator object at 0x7f4f9caa2560>, verb_extension=<colcon_core.verb.build.BuildVerb object at 0x7f4f9ca54d60>, main=<bound method BuildVerb.main of <colcon_core.verb.build.BuildVerb object at 0x7f4f9ca54d60>>)
[1.090s] Level 1:colcon.colcon_core.package_discovery:discover_packages(colcon_meta) check parameters
[1.090s] Level 1:colcon.colcon_core.package_discovery:discover_packages(recursive) check parameters
[1.091s] Level 1:colcon.colcon_core.package_discovery:discover_packages(ignore) check parameters
[1.091s] Level 1:colcon.colcon_core.package_discovery:discover_packages(path) check parameters
[1.091s] Level 1:colcon.colcon_core.package_discovery:discover_packages(colcon_meta) discover
[1.091s] Level 1:colcon.colcon_core.package_discovery:discover_packages(recursive) discover
[1.091s] INFO:colcon.colcon_core.package_discovery:Crawling recursively for packages in '/home/senya/ros2_ws/src/computer_vision_functionality'
[1.091s] Level 1:colcon.colcon_core.package_identification:_identify(.) by extensions ['ignore', 'ignore_ament_install']
[1.091s] Level 1:colcon.colcon_core.package_identification:_identify(.) by extension 'ignore'
[1.091s] Level 1:colcon.colcon_core.package_identification:_identify(.) by extension 'ignore_ament_install'
[1.091s] Level 1:colcon.colcon_core.package_identification:_identify(.) by extensions ['colcon_pkg']
[1.092s] Level 1:colcon.colcon_core.package_identification:_identify(.) by extension 'colcon_pkg'
[1.092s] Level 1:colcon.colcon_core.package_identification:_identify(.) by extensions ['colcon_meta']
[1.092s] Level 1:colcon.colcon_core.package_identification:_identify(.) by extension 'colcon_meta'
[1.092s] Level 1:colcon.colcon_core.package_identification:_identify(.) by extensions ['ros']
[1.092s] Level 1:colcon.colcon_core.package_identification:_identify(.) by extension 'ros'
[1.105s] DEBUG:colcon.colcon_core.package_identification:Package '.' with type 'ros.ament_python' and name 'computer_vision_functionality'
[1.105s] Level 1:colcon.colcon_core.package_discovery:discover_packages(recursive) using defaults
[1.105s] Level 1:colcon.colcon_core.package_discovery:discover_packages(ignore) discover
[1.105s] Level 1:colcon.colcon_core.package_discovery:discover_packages(ignore) using defaults
[1.105s] Level 1:colcon.colcon_core.package_discovery:discover_packages(path) discover
[1.105s] Level 1:colcon.colcon_core.package_discovery:discover_packages(path) using defaults
[1.188s] Level 1:colcon.colcon_core.package_discovery:discover_packages(prefix_path) check parameters
[1.188s] Level 1:colcon.colcon_core.package_discovery:discover_packages(prefix_path) discover
[1.221s] DEBUG:colcon.colcon_installed_package_information.package_discovery:Found 3 installed packages in /home/senya/ros2_ws/install
[1.234s] DEBUG:colcon.colcon_installed_package_information.package_discovery:Found 271 installed packages in /opt/ros/humble
[1.235s] Level 1:colcon.colcon_core.package_discovery:discover_packages(prefix_path) using defaults
[1.337s] Level 5:colcon.colcon_core.verb:set package 'computer_vision_functionality' build argument 'cmake_args' from command line to 'None'
[1.337s] Level 5:colcon.colcon_core.verb:set package 'computer_vision_functionality' build argument 'cmake_target' from command line to 'None'
[1.337s] Level 5:colcon.colcon_core.verb:set package 'computer_vision_functionality' build argument 'cmake_target_skip_unavailable' from command line to 'False'
[1.337s] Level 5:colcon.colcon_core.verb:set package 'computer_vision_functionality' build argument 'cmake_clean_cache' from command line to 'False'
[1.337s] Level 5:colcon.colcon_core.verb:set package 'computer_vision_functionality' build argument 'cmake_clean_first' from command line to 'False'
[1.337s] Level 5:colcon.colcon_core.verb:set package 'computer_vision_functionality' build argument 'cmake_force_configure' from command line to 'False'
[1.337s] Level 5:colcon.colcon_core.verb:set package 'computer_vision_functionality' build argument 'ament_cmake_args' from command line to 'None'
[1.337s] Level 5:colcon.colcon_core.verb:set package 'computer_vision_functionality' build argument 'catkin_cmake_args' from command line to 'None'
[1.337s] Level 5:colcon.colcon_core.verb:set package 'computer_vision_functionality' build argument 'catkin_skip_building_tests' from command line to 'False'
[1.337s] DEBUG:colcon.colcon_core.verb:Building package 'computer_vision_functionality' with the following arguments: {'ament_cmake_args': None, 'build_base': '/home/senya/ros2_ws/src/computer_vision_functionality/build/computer_vision_functionality', 'catkin_cmake_args': None, 'catkin_skip_building_tests': False, 'cmake_args': None, 'cmake_clean_cache': False, 'cmake_clean_first': False, 'cmake_force_configure': False, 'cmake_target': None, 'cmake_target_skip_unavailable': False, 'install_base': '/home/senya/ros2_ws/src/computer_vision_functionality/install/computer_vision_functionality', 'merge_install': False, 'path': '/home/senya/ros2_ws/src/computer_vision_functionality', 'symlink_install': False, 'test_result_base': None}
[1.350s] INFO:colcon.colcon_core.executor:Executing jobs using 'parallel' executor
[1.366s] DEBUG:colcon.colcon_parallel_executor.executor.parallel:run_until_complete
[1.366s] INFO:colcon.colcon_ros.task.ament_python.build:Building ROS package in '/home/senya/ros2_ws/src/computer_vision_functionality' with build type 'ament_python'
[1.367s] Level 1:colcon.colcon_core.shell:create_environment_hook('computer_vision_functionality', 'ament_prefix_path')
[1.382s] INFO:colcon.colcon_core.plugin_system:Skipping extension 'colcon_core.shell.bat': Not used on non-Windows systems
[1.383s] INFO:colcon.colcon_core.shell:Creating environment hook '/home/senya/ros2_ws/src/computer_vision_functionality/install/computer_vision_functionality/share/computer_vision_functionality/hook/ament_prefix_path.ps1'
[1.383s] INFO:colcon.colcon_core.shell:Creating environment descriptor '/home/senya/ros2_ws/src/computer_vision_functionality/install/computer_vision_functionality/share/computer_vision_functionality/hook/ament_prefix_path.dsv'
[1.384s] INFO:colcon.colcon_core.shell:Creating environment hook '/home/senya/ros2_ws/src/computer_vision_functionality/install/computer_vision_functionality/share/computer_vision_functionality/hook/ament_prefix_path.sh'
[1.400s] INFO:colcon.colcon_core.shell:Skip shell extension 'powershell' for command environment: Not usable outside of PowerShell
[1.401s] DEBUG:colcon.colcon_core.shell:Skip shell extension 'dsv' for command environment
[1.779s] INFO:colcon.colcon_core.task.python.build:Building Python package in '/home/senya/ros2_ws/src/computer_vision_functionality'
[1.794s] INFO:colcon.colcon_core.shell:Skip shell extension 'powershell' for command environment: Not usable outside of PowerShell
[1.795s] DEBUG:colcon.colcon_core.shell:Skip shell extension 'dsv' for command environment
[2.208s] DEBUG:colcon.colcon_core.event_handler.log_command:Invoking command in '/home/senya/ros2_ws/src/computer_vision_functionality': PYTHONPATH=/home/senya/ros2_ws/src/computer_vision_functionality/build/computer_vision_functionality/prefix_override:/home/senya/ros2_ws/src/computer_vision_functionality/install/computer_vision_functionality/lib/python3.10/site-packages:${PYTHONPATH} WSLENV=ELECTRON_RUN_AS_NODE/w:WT_SESSION:WT_PROFILE_ID: /usr/bin/python3 setup.py egg_info --egg-base build/computer_vision_functionality build --build-base /home/senya/ros2_ws/src/computer_vision_functionality/build/computer_vision_functionality/build install --record /home/senya/ros2_ws/src/computer_vision_functionality/build/computer_vision_functionality/install.log --single-version-externally-managed
[2.545s] DEBUG:colcon.colcon_core.event_handler.log_command:Invoked command in '/home/senya/ros2_ws/src/computer_vision_functionality' returned '0': PYTHONPATH=/home/senya/ros2_ws/src/computer_vision_functionality/build/computer_vision_functionality/prefix_override:/home/senya/ros2_ws/src/computer_vision_functionality/install/computer_vision_functionality/lib/python3.10/site-packages:${PYTHONPATH} WSLENV=ELECTRON_RUN_AS_NODE/w:WT_SESSION:WT_PROFILE_ID: /usr/bin/python3 setup.py egg_info --egg-base build/computer_vision_functionality build --build-base /home/senya/ros2_ws/src/computer_vision_functionality/build/computer_vision_functionality/build install --record /home/senya/ros2_ws/src/computer_vision_functionality/build/computer_vision_functionality/install.log --single-version-externally-managed
[2.562s] Level 1:colcon.colcon_core.environment:checking '/home/senya/ros2_ws/src/computer_vision_functionality/install/computer_vision_functionality' for CMake module files
[2.563s] Level 1:colcon.colcon_core.environment:checking '/home/senya/ros2_ws/src/computer_vision_functionality/install/computer_vision_functionality' for CMake config files
[2.563s] Level 1:colcon.colcon_core.environment:checking '/home/senya/ros2_ws/src/computer_vision_functionality/install/computer_vision_functionality/lib'
[2.564s] Level 1:colcon.colcon_core.environment:checking '/home/senya/ros2_ws/src/computer_vision_functionality/install/computer_vision_functionality/bin'
[2.564s] Level 1:colcon.colcon_core.environment:checking '/home/senya/ros2_ws/src/computer_vision_functionality/install/computer_vision_functionality/lib/pkgconfig/computer_vision_functionality.pc'
[2.564s] Level 1:colcon.colcon_core.environment:checking '/home/senya/ros2_ws/src/computer_vision_functionality/install/computer_vision_functionality/lib/python3.10/site-packages'
[2.564s] Level 1:colcon.colcon_core.shell:create_environment_hook('computer_vision_functionality', 'pythonpath')
[2.583s] INFO:colcon.colcon_core.shell:Creating environment hook '/home/senya/ros2_ws/src/computer_vision_functionality/install/computer_vision_functionality/share/computer_vision_functionality/hook/pythonpath.ps1'
[2.584s] INFO:colcon.colcon_core.shell:Creating environment descriptor '/home/senya/ros2_ws/src/computer_vision_functionality/install/computer_vision_functionality/share/computer_vision_functionality/hook/pythonpath.dsv'
[2.584s] INFO:colcon.colcon_core.shell:Creating environment hook '/home/senya/ros2_ws/src/computer_vision_functionality/install/computer_vision_functionality/share/computer_vision_functionality/hook/pythonpath.sh'
[2.585s] Level 1:colcon.colcon_core.environment:checking '/home/senya/ros2_ws/src/computer_vision_functionality/install/computer_vision_functionality/bin'
[2.585s] Level 1:colcon.colcon_core.environment:create_environment_scripts_only(computer_vision_functionality)
[2.600s] INFO:colcon.colcon_core.shell:Creating package script '/home/senya/ros2_ws/src/computer_vision_functionality/install/computer_vision_functionality/share/computer_vision_functionality/package.ps1'
[2.601s] INFO:colcon.colcon_core.shell:Creating package descriptor '/home/senya/ros2_ws/src/computer_vision_functionality/install/computer_vision_functionality/share/computer_vision_functionality/package.dsv'
[2.602s] INFO:colcon.colcon_core.shell:Creating package script '/home/senya/ros2_ws/src/computer_vision_functionality/install/computer_vision_functionality/share/computer_vision_functionality/package.sh'
[2.603s] INFO:colcon.colcon_core.shell:Creating package script '/home/senya/ros2_ws/src/computer_vision_functionality/install/computer_vision_functionality/share/computer_vision_functionality/package.bash'
[2.604s] INFO:colcon.colcon_core.shell:Creating package script '/home/senya/ros2_ws/src/computer_vision_functionality/install/computer_vision_functionality/share/computer_vision_functionality/package.zsh'
[2.604s] Level 1:colcon.colcon_core.environment:create_file_with_runtime_dependencies(/home/senya/ros2_ws/src/computer_vision_functionality/install/computer_vision_functionality/share/colcon-core/packages/computer_vision_functionality)
[2.605s] DEBUG:colcon.colcon_parallel_executor.executor.parallel:closing loop
[2.605s] DEBUG:colcon.colcon_parallel_executor.executor.parallel:loop closed
[2.606s] DEBUG:colcon.colcon_parallel_executor.executor.parallel:run_until_complete finished with '0'
[2.606s] DEBUG:colcon.colcon_core.event_reactor:joining thread
[2.661s] INFO:colcon.colcon_core.plugin_system:Skipping extension 'colcon_notification.desktop_notification.notify_send': Could not find 'notify-send'
[2.661s] INFO:colcon.colcon_core.plugin_system:Skipping extension 'colcon_notification.desktop_notification.terminal_notifier': Not used on non-Darwin systems
[2.661s] INFO:colcon.colcon_core.plugin_system:Skipping extension 'colcon_notification.desktop_notification.win32': Not used on non-Windows systems
[2.661s] INFO:colcon.colcon_notification.desktop_notification:Sending desktop notification using 'notify2'
[2.661s] DEBUG:colcon.colcon_notification.desktop_notification.notify2:Failed to initialize notify2: org.freedesktop.DBus.Error.FileNotFound: Failed to connect to socket /run/user/1000/bus: No such file or directory
[2.662s] DEBUG:colcon.colcon_core.event_reactor:joined thread
[2.674s] INFO:colcon.colcon_core.shell:Creating prefix script '/home/senya/ros2_ws/src/computer_vision_functionality/install/local_setup.ps1'
[2.675s] INFO:colcon.colcon_core.shell:Creating prefix util module '/home/senya/ros2_ws/src/computer_vision_functionality/install/_local_setup_util_ps1.py'
[2.676s] INFO:colcon.colcon_core.shell:Creating prefix chain script '/home/senya/ros2_ws/src/computer_vision_functionality/install/setup.ps1'
[2.691s] INFO:colcon.colcon_core.shell:Creating prefix script '/home/senya/ros2_ws/src/computer_vision_functionality/install/local_setup.sh'
[2.692s] INFO:colcon.colcon_core.shell:Creating prefix util module '/home/senya/ros2_ws/src/computer_vision_functionality/install/_local_setup_util_sh.py'
[2.693s] INFO:colcon.colcon_core.shell:Creating prefix chain script '/home/senya/ros2_ws/src/computer_vision_functionality/install/setup.sh'
[2.707s] INFO:colcon.colcon_core.shell:Creating prefix script '/home/senya/ros2_ws/src/computer_vision_functionality/install/local_setup.bash'
[2.707s] INFO:colcon.colcon_core.shell:Creating prefix chain script '/home/senya/ros2_ws/src/computer_vision_functionality/install/setup.bash'
[2.724s] INFO:colcon.colcon_core.shell:Creating prefix script '/home/senya/ros2_ws/src/computer_vision_functionality/install/local_setup.zsh'
[2.725s] INFO:colcon.colcon_core.shell:Creating prefix chain script '/home/senya/ros2_ws/src/computer_vision_functionality/install/setup.zsh'
