[0.841s] Invoking command in '/home/senya/ros2_ws/src/computer_vision_functionality': PYTHONPATH=/home/senya/ros2_ws/src/computer_vision_functionality/build/computer_vision_functionality/prefix_override:/home/senya/ros2_ws/src/computer_vision_functionality/install/computer_vision_functionality/lib/python3.10/site-packages:${PYTHONPATH} WSLENV=ELECTRON_RUN_AS_NODE/w:WT_SESSION:WT_PROFILE_ID: /usr/bin/python3 setup.py egg_info --egg-base build/computer_vision_functionality build --build-base /home/senya/ros2_ws/src/computer_vision_functionality/build/computer_vision_functionality/build install --record /home/senya/ros2_ws/src/computer_vision_functionality/build/computer_vision_functionality/install.log --single-version-externally-managed
[1.096s] running egg_info
[1.097s] writing build/computer_vision_functionality/computer_vision_functionality.egg-info/PKG-INFO
[1.099s] writing dependency_links to build/computer_vision_functionality/computer_vision_functionality.egg-info/dependency_links.txt
[1.099s] writing entry points to build/computer_vision_functionality/computer_vision_functionality.egg-info/entry_points.txt
[1.099s] writing requirements to build/computer_vision_functionality/computer_vision_functionality.egg-info/requires.txt
[1.099s] writing top-level names to build/computer_vision_functionality/computer_vision_functionality.egg-info/top_level.txt
[1.100s] reading manifest file 'build/computer_vision_functionality/computer_vision_functionality.egg-info/SOURCES.txt'
[1.101s] writing manifest file 'build/computer_vision_functionality/computer_vision_functionality.egg-info/SOURCES.txt'
[1.101s] running build
[1.102s] running build_py
[1.102s] copying computer_vision_functionality/get_point_cloud_by_lidar_from_airsim_node.py -> /home/senya/ros2_ws/src/computer_vision_functionality/build/computer_vision_functionality/build/lib/computer_vision_functionality
[1.103s] running install
[1.103s] running install_lib
[1.104s] copying /home/senya/ros2_ws/src/computer_vision_functionality/build/computer_vision_functionality/build/lib/computer_vision_functionality/get_point_cloud_by_lidar_from_airsim_node.py -> /home/senya/ros2_ws/src/computer_vision_functionality/install/computer_vision_functionality/lib/python3.10/site-packages/computer_vision_functionality
[1.105s] byte-compiling /home/senya/ros2_ws/src/computer_vision_functionality/install/computer_vision_functionality/lib/python3.10/site-packages/computer_vision_functionality/get_point_cloud_by_lidar_from_airsim_node.py to get_point_cloud_by_lidar_from_airsim_node.cpython-310.pyc
[1.106s] running install_data
[1.107s] running install_egg_info
[1.110s] removing '/home/senya/ros2_ws/src/computer_vision_functionality/install/computer_vision_functionality/lib/python3.10/site-packages/computer_vision_functionality-0.0.0-py3.10.egg-info' (and everything under it)
[1.110s] Copying build/computer_vision_functionality/computer_vision_functionality.egg-info to /home/senya/ros2_ws/src/computer_vision_functionality/install/computer_vision_functionality/lib/python3.10/site-packages/computer_vision_functionality-0.0.0-py3.10.egg-info
[1.112s] running install_scripts
[1.137s] Installing get_image_from_airsim_node script to /home/senya/ros2_ws/src/computer_vision_functionality/install/computer_vision_functionality/lib/computer_vision_functionality
[1.137s] Installing read_lidar_node script to /home/senya/ros2_ws/src/computer_vision_functionality/install/computer_vision_functionality/lib/computer_vision_functionality
[1.137s] Installing recognition_of_aruco_marker_node script to /home/senya/ros2_ws/src/computer_vision_functionality/install/computer_vision_functionality/lib/computer_vision_functionality
[1.138s] writing list of installed files to '/home/senya/ros2_ws/src/computer_vision_functionality/build/computer_vision_functionality/install.log'
[1.178s] Invoked command in '/home/senya/ros2_ws/src/computer_vision_functionality' returned '0': PYTHONPATH=/home/senya/ros2_ws/src/computer_vision_functionality/build/computer_vision_functionality/prefix_override:/home/senya/ros2_ws/src/computer_vision_functionality/install/computer_vision_functionality/lib/python3.10/site-packages:${PYTHONPATH} WSLENV=ELECTRON_RUN_AS_NODE/w:WT_SESSION:WT_PROFILE_ID: /usr/bin/python3 setup.py egg_info --egg-base build/computer_vision_functionality build --build-base /home/senya/ros2_ws/src/computer_vision_functionality/build/computer_vision_functionality/build install --record /home/senya/ros2_ws/src/computer_vision_functionality/build/computer_vision_functionality/install.log --single-version-externally-managed
